# JRE version: Java(TM) SE Runtime Environment (8.0_101-b13) (build 1.8.0_101-b13)
# Java VM: Java HotSpot(TM) 64-Bit Server VM (25.101-b13 mixed mode linux-amd64 compressed oops)
Heap:
 PSYoungGen      total 68096K, used 8165K [0x00000000ec780000, 0x00000000f1380000, 0x0000000100000000)
  eden space 59904K, 0% used [0x00000000ec780000,0x00000000ec780000,0x00000000f0200000)
  from space 8192K, 99% used [0x00000000f0200000,0x00000000f09f95a8,0x00000000f0a00000)
  to   space 6656K, 0% used [0x00000000f0a00000,0x00000000f0a00000,0x00000000f1080000)
 ParOldGen       total 40960K, used 11766K [0x00000000c5600000, 0x00000000c7e00000, 0x00000000ec780000)
  object space 40960K, 28% used [0x00000000c5600000,0x00000000c617dab8,0x00000000c7e00000)
 Metaspace       used 3727K, capacity 5176K, committed 5376K, reserved 1056768K
  class space    used 393K, capacity 488K, committed 512K, reserved 1048576K
GC Heap History (10 events):
Event: 0.853 GC heap after
Heap after GC invocations=2 (full 0):
 PSYoungGen      total 17920K, used 2534K [0x00000000ec780000, 0x00000000eea80000, 0x0000000100000000)
  eden space 15360K, 0% used [0x00000000ec780000,0x00000000ec780000,0x00000000ed680000)
  from space 2560K, 98% used [0x00000000ed900000,0x00000000edb79818,0x00000000edb80000)
  to   space 2560K, 0% used [0x00000000ed680000,0x00000000ed680000,0x00000000ed900000)
 ParOldGen       total 40960K, used 345K [0x00000000c5600000, 0x00000000c7e00000, 0x00000000ec780000)
  object space 40960K, 0% used [0x00000000c5600000,0x00000000c56566f8,0x00000000c7e00000)
 Metaspace       used 3679K, capacity 5176K, committed 5376K, reserved 1056768K
  class space    used 389K, capacity 488K, committed 512K, reserved 1048576K
}
Event: 0.971 GC heap before
{Heap before GC invocations=3 (full 0):
 PSYoungGen      total 17920K, used 17894K [0x00000000ec780000, 0x00000000eea80000, 0x0000000100000000)
  eden space 15360K, 100% used [0x00000000ec780000,0x00000000ed680000,0x00000000ed680000)
  from space 2560K, 98% used [0x00000000ed900000,0x00000000edb79818,0x00000000edb80000)
  to   space 2560K, 0% used [0x00000000ed680000,0x00000000ed680000,0x00000000ed900000)
 ParOldGen       total 40960K, used 345K [0x00000000c5600000, 0x00000000c7e00000, 0x00000000ec780000)
  object space 40960K, 0% used [0x00000000c5600000,0x00000000c56566f8,0x00000000c7e00000)
 Metaspace       used 3696K, capacity 5176K, committed 5376K, reserved 1056768K
  class space    used 389K, capacity 488K, committed 512K, reserved 1048576K
Event: 0.980 GC heap after
Heap after GC invocations=3 (full 0):
 PSYoungGen      total 17920K, used 2533K [0x00000000ec780000, 0x00000000eea80000, 0x0000000100000000)
  eden space 15360K, 0% used [0x00000000ec780000,0x00000000ec780000,0x00000000ed680000)
  from space 2560K, 98% used [0x00000000ed680000,0x00000000ed8f96c8,0x00000000ed900000)
  to   space 2560K, 0% used [0x00000000ee800000,0x00000000ee800000,0x00000000eea80000)
 ParOldGen       total 40960K, used 1234K [0x00000000c5600000, 0x00000000c7e00000, 0x00000000ec780000)
  object space 40960K, 3% used [0x00000000c5600000,0x00000000c57349a0,0x00000000c7e00000)
 Metaspace       used 3696K, capacity 5176K, committed 5376K, reserved 1056768K
  class space    used 389K, capacity 488K, committed 512K, reserved 1048576K
}
Event: 1.089 GC heap before
{Heap before GC invocations=4 (full 0):
 PSYoungGen      total 17920K, used 17893K [0x00000000ec780000, 0x00000000eea80000, 0x0000000100000000)
  eden space 15360K, 100% used [0x00000000ec780000,0x00000000ed680000,0x00000000ed680000)
  from space 2560K, 98% used [0x00000000ed680000,0x00000000ed8f96c8,0x00000000ed900000)
  to   space 2560K, 0% used [0x00000000ee800000,0x00000000ee800000,0x00000000eea80000)
 ParOldGen       total 40960K, used 1234K [0x00000000c5600000, 0x00000000c7e00000, 0x00000000ec780000)
  object space 40960K, 3% used [0x00000000c5600000,0x00000000c57349a0,0x00000000c7e00000)
 Metaspace       used 3722K, capacity 5176K, committed 5376K, reserved 1056768K
  class space    used 393K, capacity 488K, committed 512K, reserved 1048576K
Event: 1.099 GC heap after
Heap after GC invocations=4 (full 0):
 PSYoungGen      total 33280K, used 2543K [0x00000000ec780000, 0x00000000eea80000, 0x0000000100000000)
  eden space 30720K, 0% used [0x00000000ec780000,0x00000000ec780000,0x00000000ee580000)
  from space 2560K, 99% used [0x00000000ee800000,0x00000000eea7bd80,0x00000000eea80000)
  to   space 2560K, 0% used [0x00000000ee580000,0x00000000ee580000,0x00000000ee800000)
 ParOldGen       total 40960K, used 3166K [0x00000000c5600000, 0x00000000c7e00000, 0x00000000ec780000)
  object space 40960K, 7% used [0x00000000c5600000,0x00000000c5917b28,0x00000000c7e00000)
 Metaspace       used 3722K, capacity 5176K, committed 5376K, reserved 1056768K
  class space    used 393K, capacity 488K, committed 512K, reserved 1048576K
}
Event: 1.367 GC heap before
{Heap before GC invocations=5 (full 0):
 PSYoungGen      total 33280K, used 33263K [0x00000000ec780000, 0x00000000eea80000, 0x0000000100000000)
  eden space 30720K, 100% used [0x00000000ec780000,0x00000000ee580000,0x00000000ee580000)
  from space 2560K, 99% used [0x00000000ee800000,0x00000000eea7bd80,0x00000000eea80000)
  to   space 2560K, 0% used [0x00000000ee580000,0x00000000ee580000,0x00000000ee800000)
 ParOldGen       total 40960K, used 3166K [0x00000000c5600000, 0x00000000c7e00000, 0x00000000ec780000)
  object space 40960K, 7% used [0x00000000c5600000,0x00000000c5917b28,0x00000000c7e00000)
 Metaspace       used 3725K, capacity 5176K, committed 5376K, reserved 1056768K
  class space    used 393K, capacity 488K, committed 512K, reserved 1048576K
Event: 1.381 GC heap after
Heap after GC invocations=5 (full 0):
 PSYoungGen      total 33280K, used 2544K [0x00000000ec780000, 0x00000000f1080000, 0x0000000100000000)
  eden space 30720K, 0% used [0x00000000ec780000,0x00000000ec780000,0x00000000ee580000)
  from space 2560K, 99% used [0x00000000ee580000,0x00000000ee7fc040,0x00000000ee800000)
  to   space 6656K, 0% used [0x00000000f0a00000,0x00000000f0a00000,0x00000000f1080000)
 ParOldGen       total 40960K, used 7153K [0x00000000c5600000, 0x00000000c7e00000, 0x00000000ec780000)
  object space 40960K, 17% used [0x00000000c5600000,0x00000000c5cfc408,0x00000000c7e00000)
 Metaspace       used 3725K, capacity 5176K, committed 5376K, reserved 1056768K
  class space    used 393K, capacity 488K, committed 512K, reserved 1048576K
}
Event: 1.622 GC heap before
{Heap before GC invocations=6 (full 0):
 PSYoungGen      total 33280K, used 33264K [0x00000000ec780000, 0x00000000f1080000, 0x0000000100000000)
  eden space 30720K, 100% used [0x00000000ec780000,0x00000000ee580000,0x00000000ee580000)
  from space 2560K, 99% used [0x00000000ee580000,0x00000000ee7fc040,0x00000000ee800000)
  to   space 6656K, 0% used [0x00000000f0a00000,0x00000000f0a00000,0x00000000f1080000)
 ParOldGen       total 40960K, used 7153K [0x00000000c5600000, 0x00000000c7e00000, 0x00000000ec780000)
  object space 40960K, 17% used [0x00000000c5600000,0x00000000c5cfc408,0x00000000c7e00000)
 Metaspace       used 3727K, capacity 5176K, committed 5376K, reserved 1056768K
  class space    used 393K, capacity 488K, committed 512K, reserved 1048576K
Event: 1.651 GC heap after
Heap after GC invocations=6 (full 0):
 PSYoungGen      total 66560K, used 6629K [0x00000000ec780000, 0x00000000f1380000, 0x0000000100000000)
  eden space 59904K, 0% used [0x00000000ec780000,0x00000000ec780000,0x00000000f0200000)
  from space 6656K, 99% used [0x00000000f0a00000,0x00000000f10794d0,0x00000000f1080000)
  to   space 8192K, 0% used [0x00000000f0200000,0x00000000f0200000,0x00000000f0a00000)
 ParOldGen       total 40960K, used 7161K [0x00000000c5600000, 0x00000000c7e00000, 0x00000000ec780000)
  object space 40960K, 17% used [0x00000000c5600000,0x00000000c5cfe408,0x00000000c7e00000)
 Metaspace       used 3727K, capacity 5176K, committed 5376K, reserved 1056768K
  class space    used 393K, capacity 488K, committed 512K, reserved 1048576K
}
Event: 2.149 GC heap before
{Heap before GC invocations=7 (full 0):
 PSYoungGen      total 66560K, used 66533K [0x00000000ec780000, 0x00000000f1380000, 0x0000000100000000)
  eden space 59904K, 100% used [0x00000000ec780000,0x00000000f0200000,0x00000000f0200000)
  from space 6656K, 99% used [0x00000000f0a00000,0x00000000f10794d0,0x00000000f1080000)
  to   space 8192K, 0% used [0x00000000f0200000,0x00000000f0200000,0x00000000f0a00000)
 ParOldGen       total 40960K, used 7161K [0x00000000c5600000, 0x00000000c7e00000, 0x00000000ec780000)
  object space 40960K, 17% used [0x00000000c5600000,0x00000000c5cfe408,0x00000000c7e00000)
 Metaspace       used 3727K, capacity 5176K, committed 5376K, reserved 1056768K
  class space    used 393K, capacity 488K, committed 512K, reserved 1048576K

