# JRE version: Java(TM) SE Runtime Environment (8.0_101-b13) (build 1.8.0_101-b13)
# Java VM: Java HotSpot(TM) 64-Bit Server VM (25.101-b13 mixed mode linux-amd64 compressed oops)
Heap:
 PSYoungGen      total 134144K, used 13811K [0x00000000ec780000, 0x00000000f5a80000, 0x0000000100000000)
  eden space 120320K, 0% used [0x00000000ec780000,0x00000000ec780000,0x00000000f3d00000)
  from space 13824K, 99% used [0x00000000f3d00000,0x00000000f4a7cfd8,0x00000000f4a80000)
  to   space 11264K, 0% used [0x00000000f4a80000,0x00000000f4a80000,0x00000000f5580000)
 ParOldGen       total 40960K, used 25496K [0x00000000c5600000, 0x00000000c7e00000, 0x00000000ec780000)
  object space 40960K, 62% used [0x00000000c5600000,0x00000000c6ee6318,0x00000000c7e00000)
 Metaspace       used 3732K, capacity 5176K, committed 5376K, reserved 1056768K
  class space    used 394K, capacity 488K, committed 512K, reserved 1048576K
GC Heap History (10 events):
Event: 0.770 GC heap after
Heap after GC invocations=2 (full 0):
 PSYoungGen      total 33280K, used 2546K [0x00000000ec780000, 0x00000000eea80000, 0x0000000100000000)
  eden space 30720K, 0% used [0x00000000ec780000,0x00000000ec780000,0x00000000ee580000)
  from space 2560K, 99% used [0x00000000ee800000,0x00000000eea7c898,0x00000000eea80000)
  to   space 2560K, 0% used [0x00000000ee580000,0x00000000ee580000,0x00000000ee800000)
 ParOldGen       total 40960K, used 234K [0x00000000c5600000, 0x00000000c7e00000, 0x00000000ec780000)
  object space 40960K, 0% used [0x00000000c5600000,0x00000000c563a8a0,0x00000000c7e00000)
 Metaspace       used 3673K, capacity 5176K, committed 5376K, reserved 1056768K
  class space    used 389K, capacity 488K, committed 512K, reserved 1048576K
}
Event: 1.333 GC heap before
{Heap before GC invocations=3 (full 0):
 PSYoungGen      total 33280K, used 33266K [0x00000000ec780000, 0x00000000eea80000, 0x0000000100000000)
  eden space 30720K, 100% used [0x00000000ec780000,0x00000000ee580000,0x00000000ee580000)
  from space 2560K, 99% used [0x00000000ee800000,0x00000000eea7c898,0x00000000eea80000)
  to   space 2560K, 0% used [0x00000000ee580000,0x00000000ee580000,0x00000000ee800000)
 ParOldGen       total 40960K, used 234K [0x00000000c5600000, 0x00000000c7e00000, 0x00000000ec780000)
  object space 40960K, 0% used [0x00000000c5600000,0x00000000c563a8a0,0x00000000c7e00000)
 Metaspace       used 3721K, capacity 5176K, committed 5376K, reserved 1056768K
  class space    used 393K, capacity 488K, committed 512K, reserved 1048576K
Event: 1.366 GC heap after
Heap after GC invocations=3 (full 0):
 PSYoungGen      total 33280K, used 2548K [0x00000000ec780000, 0x00000000f0880000, 0x0000000100000000)
  eden space 30720K, 0% used [0x00000000ec780000,0x00000000ec780000,0x00000000ee580000)
  from space 2560K, 99% used [0x00000000ee580000,0x00000000ee7fd030,0x00000000ee800000)
  to   space 2560K, 0% used [0x00000000f0600000,0x00000000f0600000,0x00000000f0880000)
 ParOldGen       total 40960K, used 3117K [0x00000000c5600000, 0x00000000c7e00000, 0x00000000ec780000)
  object space 40960K, 7% used [0x00000000c5600000,0x00000000c590b6b8,0x00000000c7e00000)
 Metaspace       used 3721K, capacity 5176K, committed 5376K, reserved 1056768K
  class space    used 393K, capacity 488K, committed 512K, reserved 1048576K
}
Event: 1.607 GC heap before
{Heap before GC invocations=4 (full 0):
 PSYoungGen      total 33280K, used 33268K [0x00000000ec780000, 0x00000000f0880000, 0x0000000100000000)
  eden space 30720K, 100% used [0x00000000ec780000,0x00000000ee580000,0x00000000ee580000)
  from space 2560K, 99% used [0x00000000ee580000,0x00000000ee7fd030,0x00000000ee800000)
  to   space 2560K, 0% used [0x00000000f0600000,0x00000000f0600000,0x00000000f0880000)
 ParOldGen       total 40960K, used 3117K [0x00000000c5600000, 0x00000000c7e00000, 0x00000000ec780000)
  object space 40960K, 7% used [0x00000000c5600000,0x00000000c590b6b8,0x00000000c7e00000)
 Metaspace       used 3727K, capacity 5176K, committed 5376K, reserved 1056768K
  class space    used 393K, capacity 488K, committed 512K, reserved 1048576K
Event: 1.625 GC heap after
Heap after GC invocations=4 (full 0):
 PSYoungGen      total 64000K, used 2528K [0x00000000ec780000, 0x00000000f0880000, 0x0000000100000000)
  eden space 61440K, 0% used [0x00000000ec780000,0x00000000ec780000,0x00000000f0380000)
  from space 2560K, 98% used [0x00000000f0600000,0x00000000f0878040,0x00000000f0880000)
  to   space 2560K, 0% used [0x00000000f0380000,0x00000000f0380000,0x00000000f0600000)
 ParOldGen       total 40960K, used 7133K [0x00000000c5600000, 0x00000000c7e00000, 0x00000000ec780000)
  object space 40960K, 17% used [0x00000000c5600000,0x00000000c5cf7510,0x00000000c7e00000)
 Metaspace       used 3727K, capacity 5176K, committed 5376K, reserved 1056768K
  class space    used 393K, capacity 488K, committed 512K, reserved 1048576K
}
Event: 2.471 GC heap before
{Heap before GC invocations=5 (full 0):
 PSYoungGen      total 64000K, used 63968K [0x00000000ec780000, 0x00000000f0880000, 0x0000000100000000)
  eden space 61440K, 100% used [0x00000000ec780000,0x00000000f0380000,0x00000000f0380000)
  from space 2560K, 98% used [0x00000000f0600000,0x00000000f0878040,0x00000000f0880000)
  to   space 2560K, 0% used [0x00000000f0380000,0x00000000f0380000,0x00000000f0600000)
 ParOldGen       total 40960K, used 7133K [0x00000000c5600000, 0x00000000c7e00000, 0x00000000ec780000)
  object space 40960K, 17% used [0x00000000c5600000,0x00000000c5cf7510,0x00000000c7e00000)
 Metaspace       used 3728K, capacity 5176K, committed 5376K, reserved 1056768K
  class space    used 393K, capacity 488K, committed 512K, reserved 1048576K
Event: 4.268 GC heap after
Heap after GC invocations=5 (full 0):
 PSYoungGen      total 64000K, used 2528K [0x00000000ec780000, 0x00000000f5580000, 0x0000000100000000)
  eden space 61440K, 0% used [0x00000000ec780000,0x00000000ec780000,0x00000000f0380000)
  from space 2560K, 98% used [0x00000000f0380000,0x00000000f05f8020,0x00000000f0600000)
  to   space 11264K, 0% used [0x00000000f4a80000,0x00000000f4a80000,0x00000000f5580000)
 ParOldGen       total 40960K, used 15303K [0x00000000c5600000, 0x00000000c7e00000, 0x00000000ec780000)
  object space 40960K, 37% used [0x00000000c5600000,0x00000000c64f1e40,0x00000000c7e00000)
 Metaspace       used 3728K, capacity 5176K, committed 5376K, reserved 1056768K
  class space    used 393K, capacity 488K, committed 512K, reserved 1048576K
}
Event: 4.818 GC heap before
{Heap before GC invocations=6 (full 0):
 PSYoungGen      total 64000K, used 63968K [0x00000000ec780000, 0x00000000f5580000, 0x0000000100000000)
  eden space 61440K, 100% used [0x00000000ec780000,0x00000000f0380000,0x00000000f0380000)
  from space 2560K, 98% used [0x00000000f0380000,0x00000000f05f8020,0x00000000f0600000)
  to   space 11264K, 0% used [0x00000000f4a80000,0x00000000f4a80000,0x00000000f5580000)
 ParOldGen       total 40960K, used 15303K [0x00000000c5600000, 0x00000000c7e00000, 0x00000000ec780000)
  object space 40960K, 37% used [0x00000000c5600000,0x00000000c64f1e40,0x00000000c7e00000)
 Metaspace       used 3729K, capacity 5176K, committed 5376K, reserved 1056768K
  class space    used 394K, capacity 488K, committed 512K, reserved 1048576K
Event: 4.927 GC heap after
Heap after GC invocations=6 (full 0):
 PSYoungGen      total 131584K, used 11255K [0x00000000ec780000, 0x00000000f5a80000, 0x0000000100000000)
  eden space 120320K, 0% used [0x00000000ec780000,0x00000000ec780000,0x00000000f3d00000)
  from space 11264K, 99% used [0x00000000f4a80000,0x00000000f557dcc0,0x00000000f5580000)
  to   space 13824K, 0% used [0x00000000f3d00000,0x00000000f3d00000,0x00000000f4a80000)
 ParOldGen       total 40960K, used 15854K [0x00000000c5600000, 0x00000000c7e00000, 0x00000000ec780000)
  object space 40960K, 38% used [0x00000000c5600000,0x00000000c657b9d8,0x00000000c7e00000)
 Metaspace       used 3729K, capacity 5176K, committed 5376K, reserved 1056768K
  class space    used 394K, capacity 488K, committed 512K, reserved 1048576K
}
Event: 5.779 GC heap before
{Heap before GC invocations=7 (full 0):
 PSYoungGen      total 131584K, used 131575K [0x00000000ec780000, 0x00000000f5a80000, 0x0000000100000000)
  eden space 120320K, 100% used [0x00000000ec780000,0x00000000f3d00000,0x00000000f3d00000)
  from space 11264K, 99% used [0x00000000f4a80000,0x00000000f557dcc0,0x00000000f5580000)
  to   space 13824K, 0% used [0x00000000f3d00000,0x00000000f3d00000,0x00000000f4a80000)
 ParOldGen       total 40960K, used 15854K [0x00000000c5600000, 0x00000000c7e00000, 0x00000000ec780000)
  object space 40960K, 38% used [0x00000000c5600000,0x00000000c657b9d8,0x00000000c7e00000)
 Metaspace       used 3732K, capacity 5176K, committed 5376K, reserved 1056768K
  class space    used 394K, capacity 488K, committed 512K, reserved 1048576K

